<?xml version="1.0" encoding="UTF-8"?>
<!-- Generated by org.testng.reporters.JUnitReportReporter -->
<testsuite name="api.page.AddLocationXML" tests="1" time="13.160" ignored="0" failures="0" timestamp="13 Sep 2019 08:13:26 GMT" skipped="0" hostname="User-PC" errors="0">
  <testcase name="postrequest" time="13.160" classname="api.page.AddLocationXML"/>
</testsuite> <!-- api.page.AddLocationXML -->
