<?xml version="1.0" encoding="UTF-8"?>
<!-- Generated by org.testng.reporters.JUnitReportReporter -->
<testsuite name="api.page.AddBoook" tests="1" time="4.568" ignored="0" failures="0" timestamp="27 Aug 2019 14:40:00 GMT" skipped="0" hostname="User-PC" errors="0">
  <testcase name="AddBook" time="4.568" classname="api.page.AddBoook"/>
</testsuite> <!-- api.page.AddBoook -->
