<?xml version="1.0" encoding="UTF-8"?>
<!-- Generated by org.testng.reporters.JUnitReportReporter -->
<testsuite name="Extra.NewJsonValidator" tests="1" time="6.181" ignored="0" failures="0" timestamp="16 Sep 2019 05:33:35 GMT" skipped="0" hostname="User-PC" errors="0">
  <testcase name="testJsonParsing" time="6.181" classname="Extra.NewJsonValidator"/>
</testsuite> <!-- Extra.NewJsonValidator -->
