<?xml version="1.0" encoding="UTF-8"?>
<!-- Generated by org.testng.reporters.JUnitReportReporter -->
<testsuite name="api.page.JsonObjectt" tests="1" time="0.032" ignored="0" failures="0" timestamp="29 Aug 2019 11:02:07 GMT" skipped="0" hostname="User-PC" errors="0">
  <testcase name="show" time="0.032" classname="api.page.JsonObjectt"/>
</testsuite> <!-- api.page.JsonObjectt -->
