<?xml version="1.0" encoding="UTF-8"?>
<!-- Generated by org.testng.reporters.JUnitReportReporter -->
<testsuite name="api.page.From2DArray" tests="3" time="6.829" ignored="0" failures="0" timestamp="15 Sep 2019 10:39:26 GMT" skipped="0" hostname="User-PC" errors="0">
  <testcase name="getData" time="5.522" classname="api.page.From2DArray"/>
  <testcase name="getData" time="0.689" classname="api.page.From2DArray"/>
  <testcase name="getData" time="0.618" classname="api.page.From2DArray"/>
</testsuite> <!-- api.page.From2DArray -->
